# JRE version: OpenJDK Runtime Environment (11.0.10) (build 11.0.10+0-b96-7249189)
# Java VM: OpenJDK 64-Bit Server VM (11.0.10+0-b96-7249189, mixed mode, tiered, compressed oops, g1 gc, windows-amd64)
Heap:
 garbage-first heap   total 303104K, used 166532K [0x0000000080000000, 0x0000000100000000)
  region size 1024K, 3 young (3072K), 3 survivors (3072K)
 Metaspace       used 141410K, capacity 146591K, committed 158716K, reserved 1187840K
  class space    used 16941K, capacity 18789K, committed 20608K, reserved 1048576K
GC Heap History (20 events):
Event: 6307.980 GC heap after
{Heap after GC invocations=494 (full 0):
 garbage-first heap   total 251904K, used 156953K [0x0000000080000000, 0x0000000100000000)
  region size 1024K, 7 young (7168K), 7 survivors (7168K)
 Metaspace       used 152592K, capacity 158550K, committed 158716K, reserved 1187840K
  class space    used 18418K, capacity 20541K, committed 20608K, reserved 1048576K
}
Event: 6313.325 GC heap before
{Heap before GC invocations=494 (full 0):
 garbage-first heap   total 251904K, used 162073K [0x0000000080000000, 0x0000000100000000)
  region size 1024K, 12 young (12288K), 7 survivors (7168K)
 Metaspace       used 152593K, capacity 158550K, committed 158716K, reserved 1187840K
  class space    used 18418K, capacity 20541K, committed 20608K, reserved 1048576K
}
Event: 6313.336 GC heap after
{Heap after GC invocations=495 (full 0):
 garbage-first heap   total 251904K, used 151918K [0x0000000080000000, 0x0000000100000000)
  region size 1024K, 1 young (1024K), 1 survivors (1024K)
 Metaspace       used 152593K, capacity 158550K, committed 158716K, reserved 1187840K
  class space    used 18418K, capacity 20541K, committed 20608K, reserved 1048576K
}
Event: 6313.573 GC heap before
{Heap before GC invocations=495 (full 0):
 garbage-first heap   total 251904K, used 159086K [0x0000000080000000, 0x0000000100000000)
  region size 1024K, 9 young (9216K), 1 survivors (1024K)
 Metaspace       used 152599K, capacity 158550K, committed 158716K, reserved 1187840K
  class space    used 18418K, capacity 20541K, committed 20608K, reserved 1048576K
}
Event: 6313.584 GC heap after
{Heap after GC invocations=496 (full 0):
 garbage-first heap   total 251904K, used 152811K [0x0000000080000000, 0x0000000100000000)
  region size 1024K, 2 young (2048K), 2 survivors (2048K)
 Metaspace       used 152599K, capacity 158550K, committed 158716K, reserved 1187840K
  class space    used 18418K, capacity 20541K, committed 20608K, reserved 1048576K
}
Event: 6316.642 GC heap before
{Heap before GC invocations=497 (full 0):
 garbage-first heap   total 251904K, used 200939K [0x0000000080000000, 0x0000000100000000)
  region size 1024K, 49 young (50176K), 2 survivors (2048K)
 Metaspace       used 141286K, capacity 146433K, committed 158716K, reserved 1187840K
  class space    used 16930K, capacity 18781K, committed 20608K, reserved 1048576K
}
Event: 6316.659 GC heap after
{Heap after GC invocations=498 (full 0):
 garbage-first heap   total 251904K, used 162758K [0x0000000080000000, 0x0000000100000000)
  region size 1024K, 7 young (7168K), 7 survivors (7168K)
 Metaspace       used 141286K, capacity 146433K, committed 158716K, reserved 1187840K
  class space    used 16930K, capacity 18781K, committed 20608K, reserved 1048576K
}
Event: 6316.906 GC heap before
{Heap before GC invocations=498 (full 0):
 garbage-first heap   total 251904K, used 167878K [0x0000000080000000, 0x0000000100000000)
  region size 1024K, 12 young (12288K), 7 survivors (7168K)
 Metaspace       used 141289K, capacity 146434K, committed 158716K, reserved 1187840K
  class space    used 16930K, capacity 18781K, committed 20608K, reserved 1048576K
}
Event: 6316.924 GC heap after
{Heap after GC invocations=499 (full 0):
 garbage-first heap   total 251904K, used 142998K [0x0000000080000000, 0x0000000100000000)
  region size 1024K, 2 young (2048K), 2 survivors (2048K)
 Metaspace       used 141289K, capacity 146434K, committed 158716K, reserved 1187840K
  class space    used 16930K, capacity 18781K, committed 20608K, reserved 1048576K
}
Event: 6317.215 GC heap before
{Heap before GC invocations=499 (full 0):
 garbage-first heap   total 251904K, used 152214K [0x0000000080000000, 0x0000000100000000)
  region size 1024K, 13 young (13312K), 2 survivors (2048K)
 Metaspace       used 141289K, capacity 146434K, committed 158716K, reserved 1187840K
  class space    used 16930K, capacity 18781K, committed 20608K, reserved 1048576K
}
Event: 6317.222 GC heap after
{Heap after GC invocations=500 (full 0):
 garbage-first heap   total 251904K, used 144179K [0x0000000080000000, 0x0000000100000000)
  region size 1024K, 3 young (3072K), 3 survivors (3072K)
 Metaspace       used 141289K, capacity 146434K, committed 158716K, reserved 1187840K
  class space    used 16930K, capacity 18781K, committed 20608K, reserved 1048576K
}
Event: 6319.048 GC heap before
{Heap before GC invocations=501 (full 0):
 garbage-first heap   total 251904K, used 202547K [0x0000000080000000, 0x0000000100000000)
  region size 1024K, 55 young (56320K), 3 survivors (3072K)
 Metaspace       used 141332K, capacity 146500K, committed 158716K, reserved 1187840K
  class space    used 16932K, capacity 18781K, committed 20608K, reserved 1048576K
}
Event: 6319.058 GC heap after
{Heap after GC invocations=502 (full 0):
 garbage-first heap   total 251904K, used 151730K [0x0000000080000000, 0x0000000100000000)
  region size 1024K, 7 young (7168K), 7 survivors (7168K)
 Metaspace       used 141332K, capacity 146500K, committed 158716K, reserved 1187840K
  class space    used 16932K, capacity 18781K, committed 20608K, reserved 1048576K
}
Event: 6319.067 GC heap before
{Heap before GC invocations=502 (full 0):
 garbage-first heap   total 251904K, used 156850K [0x0000000080000000, 0x0000000100000000)
  region size 1024K, 12 young (12288K), 7 survivors (7168K)
 Metaspace       used 141332K, capacity 146500K, committed 158716K, reserved 1187840K
  class space    used 16932K, capacity 18781K, committed 20608K, reserved 1048576K
}
Event: 6319.086 GC heap after
{Heap after GC invocations=503 (full 0):
 garbage-first heap   total 251904K, used 149408K [0x0000000080000000, 0x0000000100000000)
  region size 1024K, 2 young (2048K), 2 survivors (2048K)
 Metaspace       used 141332K, capacity 146500K, committed 158716K, reserved 1187840K
  class space    used 16932K, capacity 18781K, committed 20608K, reserved 1048576K
}
Event: 6319.281 GC heap before
{Heap before GC invocations=503 (full 0):
 garbage-first heap   total 251904K, used 199584K [0x0000000080000000, 0x0000000100000000)
  region size 1024K, 52 young (53248K), 2 survivors (2048K)
 Metaspace       used 141352K, capacity 146570K, committed 158716K, reserved 1187840K
  class space    used 16933K, capacity 18782K, committed 20608K, reserved 1048576K
}
Event: 6319.309 GC heap after
{Heap after GC invocations=504 (full 0):
 garbage-first heap   total 251904K, used 159744K [0x0000000080000000, 0x0000000100000000)
  region size 1024K, 7 young (7168K), 7 survivors (7168K)
 Metaspace       used 141352K, capacity 146570K, committed 158716K, reserved 1187840K
  class space    used 16933K, capacity 18782K, committed 20608K, reserved 1048576K
}
Event: 6319.647 GC heap before
{Heap before GC invocations=504 (full 0):
 garbage-first heap   total 251904K, used 204800K [0x0000000080000000, 0x0000000100000000)
  region size 1024K, 51 young (52224K), 7 survivors (7168K)
 Metaspace       used 141369K, capacity 146572K, committed 158716K, reserved 1187840K
  class space    used 16934K, capacity 18782K, committed 20608K, reserved 1048576K
}
Event: 6319.673 GC heap after
{Heap after GC invocations=505 (full 0):
 garbage-first heap   total 251904K, used 167402K [0x0000000080000000, 0x0000000100000000)
  region size 1024K, 7 young (7168K), 7 survivors (7168K)
 Metaspace       used 141369K, capacity 146572K, committed 158716K, reserved 1187840K
  class space    used 16934K, capacity 18782K, committed 20608K, reserved 1048576K
}
Event: 6320.003 GC heap before
{Heap before GC invocations=505 (full 0):
 garbage-first heap   total 251904K, used 205290K [0x0000000080000000, 0x0000000100000000)
  region size 1024K, 46 young (47104K), 7 survivors (7168K)
 Metaspace       used 141410K, capacity 146591K, committed 158716K, reserved 1187840K
  class space    used 16941K, capacity 18789K, committed 20608K, reserved 1048576K
}

