# JRE version: OpenJDK Runtime Environment (11.0.10) (build 11.0.10+0-b96-7249189)
# Java VM: OpenJDK 64-Bit Server VM (11.0.10+0-b96-7249189, mixed mode, tiered, compressed oops, g1 gc, windows-amd64)
Heap:
 garbage-first heap   total 273408K, used 159406K [0x0000000080000000, 0x0000000100000000)
  region size 1024K, 37 young (37888K), 4 survivors (4096K)
 Metaspace       used 107708K, capacity 110305K, committed 110408K, reserved 1144832K
  class space    used 13713K, capacity 14753K, committed 14796K, reserved 1048576K
GC Heap History (20 events):
Event: 43.476 GC heap before
{Heap before GC invocations=38 (full 0):
 garbage-first heap   total 227328K, used 179103K [0x0000000080000000, 0x0000000100000000)
  region size 1024K, 52 young (53248K), 4 survivors (4096K)
 Metaspace       used 106166K, capacity 108718K, committed 109000K, reserved 1144832K
  class space    used 13585K, capacity 14595K, committed 14668K, reserved 1048576K
}
Event: 43.489 GC heap after
{Heap after GC invocations=39 (full 0):
 garbage-first heap   total 227328K, used 130916K [0x0000000080000000, 0x0000000100000000)
  region size 1024K, 5 young (5120K), 5 survivors (5120K)
 Metaspace       used 106166K, capacity 108718K, committed 109000K, reserved 1144832K
  class space    used 13585K, capacity 14595K, committed 14668K, reserved 1048576K
}
Event: 44.298 GC heap before
{Heap before GC invocations=40 (full 0):
 garbage-first heap   total 227328K, used 182116K [0x0000000080000000, 0x0000000100000000)
  region size 1024K, 54 young (55296K), 5 survivors (5120K)
 Metaspace       used 106988K, capacity 109593K, committed 109896K, reserved 1144832K
  class space    used 13655K, capacity 14683K, committed 14796K, reserved 1048576K
}
Event: 44.321 GC heap after
{Heap after GC invocations=41 (full 0):
 garbage-first heap   total 227328K, used 132928K [0x0000000080000000, 0x0000000100000000)
  region size 1024K, 3 young (3072K), 3 survivors (3072K)
 Metaspace       used 106988K, capacity 109593K, committed 109896K, reserved 1144832K
  class space    used 13655K, capacity 14683K, committed 14796K, reserved 1048576K
}
Event: 44.412 GC heap before
{Heap before GC invocations=41 (full 0):
 garbage-first heap   total 227328K, used 141120K [0x0000000080000000, 0x0000000100000000)
  region size 1024K, 11 young (11264K), 3 survivors (3072K)
 Metaspace       used 107003K, capacity 109593K, committed 109896K, reserved 1144832K
  class space    used 13655K, capacity 14683K, committed 14796K, reserved 1048576K
}
Event: 44.432 GC heap after
{Heap after GC invocations=42 (full 0):
 garbage-first heap   total 273408K, used 132962K [0x0000000080000000, 0x0000000100000000)
  region size 1024K, 2 young (2048K), 2 survivors (2048K)
 Metaspace       used 107003K, capacity 109593K, committed 109896K, reserved 1144832K
  class space    used 13655K, capacity 14683K, committed 14796K, reserved 1048576K
}
Event: 45.177 GC heap before
{Heap before GC invocations=42 (full 0):
 garbage-first heap   total 273408K, used 205666K [0x0000000080000000, 0x0000000100000000)
  region size 1024K, 73 young (74752K), 2 survivors (2048K)
 Metaspace       used 107195K, capacity 109739K, committed 109896K, reserved 1144832K
  class space    used 13662K, capacity 14686K, committed 14796K, reserved 1048576K
}
Event: 45.192 GC heap after
{Heap after GC invocations=43 (full 0):
 garbage-first heap   total 273408K, used 131037K [0x0000000080000000, 0x0000000100000000)
  region size 1024K, 2 young (2048K), 2 survivors (2048K)
 Metaspace       used 107195K, capacity 109739K, committed 109896K, reserved 1144832K
  class space    used 13662K, capacity 14686K, committed 14796K, reserved 1048576K
}
Event: 46.445 GC heap before
{Heap before GC invocations=44 (full 0):
 garbage-first heap   total 273408K, used 207532K [0x0000000080000000, 0x0000000100000000)
  region size 1024K, 78 young (79872K), 2 survivors (2048K)
 Metaspace       used 107211K, capacity 109718K, committed 110152K, reserved 1144832K
  class space    used 13645K, capacity 14653K, committed 14796K, reserved 1048576K
}
Event: 46.452 GC heap after
{Heap after GC invocations=45 (full 0):
 garbage-first heap   total 273408K, used 129721K [0x0000000080000000, 0x0000000100000000)
  region size 1024K, 2 young (2048K), 2 survivors (2048K)
 Metaspace       used 107211K, capacity 109718K, committed 110152K, reserved 1144832K
  class space    used 13645K, capacity 14653K, committed 14796K, reserved 1048576K
}
Event: 46.650 GC heap before
{Heap before GC invocations=45 (full 0):
 garbage-first heap   total 273408K, used 140985K [0x0000000080000000, 0x0000000100000000)
  region size 1024K, 13 young (13312K), 2 survivors (2048K)
 Metaspace       used 107220K, capacity 109721K, committed 110152K, reserved 1144832K
  class space    used 13647K, capacity 14654K, committed 14796K, reserved 1048576K
}
Event: 46.656 GC heap after
{Heap after GC invocations=46 (full 0):
 garbage-first heap   total 273408K, used 125185K [0x0000000080000000, 0x0000000100000000)
  region size 1024K, 2 young (2048K), 2 survivors (2048K)
 Metaspace       used 107220K, capacity 109721K, committed 110152K, reserved 1144832K
  class space    used 13647K, capacity 14654K, committed 14796K, reserved 1048576K
}
Event: 47.393 GC heap before
{Heap before GC invocations=46 (full 0):
 garbage-first heap   total 273408K, used 211201K [0x0000000080000000, 0x0000000100000000)
  region size 1024K, 86 young (88064K), 2 survivors (2048K)
 Metaspace       used 107267K, capacity 109795K, committed 110152K, reserved 1144832K
  class space    used 13652K, capacity 14657K, committed 14796K, reserved 1048576K
}
Event: 47.400 GC heap after
{Heap after GC invocations=47 (full 0):
 garbage-first heap   total 273408K, used 126354K [0x0000000080000000, 0x0000000100000000)
  region size 1024K, 3 young (3072K), 3 survivors (3072K)
 Metaspace       used 107267K, capacity 109795K, committed 110152K, reserved 1144832K
  class space    used 13652K, capacity 14657K, committed 14796K, reserved 1048576K
}
Event: 48.416 GC heap before
{Heap before GC invocations=47 (full 0):
 garbage-first heap   total 273408K, used 215442K [0x0000000080000000, 0x0000000100000000)
  region size 1024K, 90 young (92160K), 3 survivors (3072K)
 Metaspace       used 107331K, capacity 109860K, committed 110152K, reserved 1144832K
  class space    used 13664K, capacity 14699K, committed 14796K, reserved 1048576K
}
Event: 48.424 GC heap after
{Heap after GC invocations=48 (full 0):
 garbage-first heap   total 273408K, used 126131K [0x0000000080000000, 0x0000000100000000)
  region size 1024K, 2 young (2048K), 2 survivors (2048K)
 Metaspace       used 107331K, capacity 109860K, committed 110152K, reserved 1144832K
  class space    used 13664K, capacity 14699K, committed 14796K, reserved 1048576K
}
Event: 49.463 GC heap before
{Heap before GC invocations=48 (full 0):
 garbage-first heap   total 273408K, used 222387K [0x0000000080000000, 0x0000000100000000)
  region size 1024K, 96 young (98304K), 2 survivors (2048K)
 Metaspace       used 107350K, capacity 109935K, committed 110152K, reserved 1144832K
  class space    used 13666K, capacity 14703K, committed 14796K, reserved 1048576K
}
Event: 49.473 GC heap after
{Heap after GC invocations=49 (full 0):
 garbage-first heap   total 273408K, used 127062K [0x0000000080000000, 0x0000000100000000)
  region size 1024K, 3 young (3072K), 3 survivors (3072K)
 Metaspace       used 107350K, capacity 109935K, committed 110152K, reserved 1144832K
  class space    used 13666K, capacity 14703K, committed 14796K, reserved 1048576K
}
Event: 50.590 GC heap before
{Heap before GC invocations=49 (full 0):
 garbage-first heap   total 273408K, used 223318K [0x0000000080000000, 0x0000000100000000)
  region size 1024K, 97 young (99328K), 3 survivors (3072K)
 Metaspace       used 107455K, capacity 110033K, committed 110152K, reserved 1144832K
  class space    used 13697K, capacity 14735K, committed 14796K, reserved 1048576K
}
Event: 50.599 GC heap after
{Heap after GC invocations=50 (full 0):
 garbage-first heap   total 273408K, used 127662K [0x0000000080000000, 0x0000000100000000)
  region size 1024K, 4 young (4096K), 4 survivors (4096K)
 Metaspace       used 107455K, capacity 110033K, committed 110152K, reserved 1144832K
  class space    used 13697K, capacity 14735K, committed 14796K, reserved 1048576K
}

