# JRE version: OpenJDK Runtime Environment (11.0.10) (build 11.0.10+0-b96-7249189)
# Java VM: OpenJDK 64-Bit Server VM (11.0.10+0-b96-7249189, mixed mode, tiered, compressed oops, g1 gc, windows-amd64)
Heap:
 garbage-first heap   total 280576K, used 131709K [0x0000000080000000, 0x0000000100000000)
  region size 1024K, 2 young (2048K), 2 survivors (2048K)
 Metaspace       used 106770K, capacity 109331K, committed 109604K, reserved 1144832K
  class space    used 13625K, capacity 14633K, committed 14708K, reserved 1048576K
GC Heap History (20 events):
Event: 40.014 GC heap after
{Heap after GC invocations=44 (full 0):
 garbage-first heap   total 189440K, used 104946K [0x0000000080000000, 0x0000000100000000)
  region size 1024K, 6 young (6144K), 6 survivors (6144K)
 Metaspace       used 93624K, capacity 95657K, committed 95908K, reserved 1132544K
  class space    used 11884K, capacity 12662K, committed 12788K, reserved 1048576K
}
Event: 40.063 GC heap before
{Heap before GC invocations=44 (full 0):
 garbage-first heap   total 189440K, used 108018K [0x0000000080000000, 0x0000000100000000)
  region size 1024K, 9 young (9216K), 6 survivors (6144K)
 Metaspace       used 93627K, capacity 95657K, committed 95908K, reserved 1132544K
  class space    used 11884K, capacity 12662K, committed 12788K, reserved 1048576K
}
Event: 40.072 GC heap after
{Heap after GC invocations=45 (full 0):
 garbage-first heap   total 189440K, used 104827K [0x0000000080000000, 0x0000000100000000)
  region size 1024K, 1 young (1024K), 1 survivors (1024K)
 Metaspace       used 93627K, capacity 95657K, committed 95908K, reserved 1132544K
  class space    used 11884K, capacity 12662K, committed 12788K, reserved 1048576K
}
Event: 41.438 GC heap before
{Heap before GC invocations=45 (full 0):
 garbage-first heap   total 189440K, used 140667K [0x0000000080000000, 0x0000000100000000)
  region size 1024K, 38 young (38912K), 1 survivors (1024K)
 Metaspace       used 94041K, capacity 96139K, committed 96420K, reserved 1132544K
  class space    used 11942K, capacity 12715K, committed 12788K, reserved 1048576K
}
Event: 41.449 GC heap after
{Heap after GC invocations=46 (full 0):
 garbage-first heap   total 189440K, used 107702K [0x0000000080000000, 0x0000000100000000)
  region size 1024K, 4 young (4096K), 4 survivors (4096K)
 Metaspace       used 94041K, capacity 96139K, committed 96420K, reserved 1132544K
  class space    used 11942K, capacity 12715K, committed 12788K, reserved 1048576K
}
Event: 42.315 GC heap before
{Heap before GC invocations=47 (full 0):
 garbage-first heap   total 189440K, used 153782K [0x0000000080000000, 0x0000000100000000)
  region size 1024K, 46 young (47104K), 4 survivors (4096K)
 Metaspace       used 97459K, capacity 99674K, committed 99748K, reserved 1136640K
  class space    used 12425K, capacity 13248K, committed 13300K, reserved 1048576K
}
Event: 42.337 GC heap after
{Heap after GC invocations=48 (full 0):
 garbage-first heap   total 189440K, used 113914K [0x0000000080000000, 0x0000000100000000)
  region size 1024K, 6 young (6144K), 6 survivors (6144K)
 Metaspace       used 97459K, capacity 99674K, committed 99748K, reserved 1136640K
  class space    used 12425K, capacity 13248K, committed 13300K, reserved 1048576K
}
Event: 42.394 GC heap before
{Heap before GC invocations=48 (full 0):
 garbage-first heap   total 189440K, used 116986K [0x0000000080000000, 0x0000000100000000)
  region size 1024K, 9 young (9216K), 6 survivors (6144K)
 Metaspace       used 97470K, capacity 99674K, committed 99748K, reserved 1136640K
  class space    used 12425K, capacity 13248K, committed 13300K, reserved 1048576K
}
Event: 42.414 GC heap after
{Heap after GC invocations=49 (full 0):
 garbage-first heap   total 189440K, used 112121K [0x0000000080000000, 0x0000000100000000)
  region size 1024K, 2 young (2048K), 2 survivors (2048K)
 Metaspace       used 97470K, capacity 99674K, committed 99748K, reserved 1136640K
  class space    used 12425K, capacity 13248K, committed 13300K, reserved 1048576K
}
Event: 43.412 GC heap before
{Heap before GC invocations=49 (full 0):
 garbage-first heap   total 189440K, used 151033K [0x0000000080000000, 0x0000000100000000)
  region size 1024K, 41 young (41984K), 2 survivors (2048K)
 Metaspace       used 99136K, capacity 101355K, committed 101540K, reserved 1136640K
  class space    used 12636K, capacity 13483K, committed 13556K, reserved 1048576K
}
Event: 43.449 GC heap after
{Heap after GC invocations=50 (full 0):
 garbage-first heap   total 189440K, used 119545K [0x0000000080000000, 0x0000000100000000)
  region size 1024K, 6 young (6144K), 6 survivors (6144K)
 Metaspace       used 99136K, capacity 101355K, committed 101540K, reserved 1136640K
  class space    used 12636K, capacity 13483K, committed 13556K, reserved 1048576K
}
Event: 44.471 GC heap before
{Heap before GC invocations=51 (full 0):
 garbage-first heap   total 189440K, used 153337K [0x0000000080000000, 0x0000000100000000)
  region size 1024K, 40 young (40960K), 6 survivors (6144K)
 Metaspace       used 100491K, capacity 102767K, committed 103076K, reserved 1138688K
  class space    used 12826K, capacity 13706K, committed 13812K, reserved 1048576K
}
Event: 44.498 GC heap after
{Heap after GC invocations=52 (full 0):
 garbage-first heap   total 233472K, used 124550K [0x0000000080000000, 0x0000000100000000)
  region size 1024K, 5 young (5120K), 5 survivors (5120K)
 Metaspace       used 100491K, capacity 102767K, committed 103076K, reserved 1138688K
  class space    used 12826K, capacity 13706K, committed 13812K, reserved 1048576K
}
Event: 44.533 GC heap before
{Heap before GC invocations=52 (full 0):
 garbage-first heap   total 233472K, used 130694K [0x0000000080000000, 0x0000000100000000)
  region size 1024K, 11 young (11264K), 5 survivors (5120K)
 Metaspace       used 100601K, capacity 102903K, committed 103076K, reserved 1138688K
  class space    used 12840K, capacity 13707K, committed 13812K, reserved 1048576K
}
Event: 44.547 GC heap after
{Heap after GC invocations=53 (full 0):
 garbage-first heap   total 233472K, used 125927K [0x0000000080000000, 0x0000000100000000)
  region size 1024K, 2 young (2048K), 2 survivors (2048K)
 Metaspace       used 100601K, capacity 102903K, committed 103076K, reserved 1138688K
  class space    used 12840K, capacity 13707K, committed 13812K, reserved 1048576K
}
Event: 46.163 GC heap before
{Heap before GC invocations=53 (full 0):
 garbage-first heap   total 233472K, used 173031K [0x0000000080000000, 0x0000000100000000)
  region size 1024K, 48 young (49152K), 2 survivors (2048K)
 Metaspace       used 104350K, capacity 106786K, committed 107044K, reserved 1142784K
  class space    used 13413K, capacity 14357K, committed 14452K, reserved 1048576K
}
Event: 46.183 GC heap after
{Heap after GC invocations=54 (full 0):
 garbage-first heap   total 233472K, used 129936K [0x0000000080000000, 0x0000000100000000)
  region size 1024K, 6 young (6144K), 6 survivors (6144K)
 Metaspace       used 104350K, capacity 106786K, committed 107044K, reserved 1142784K
  class space    used 13413K, capacity 14357K, committed 14452K, reserved 1048576K
}
Event: 47.347 GC heap before
{Heap before GC invocations=55 (full 0):
 garbage-first heap   total 233472K, used 178064K [0x0000000080000000, 0x0000000100000000)
  region size 1024K, 53 young (54272K), 6 survivors (6144K)
 Metaspace       used 105692K, capacity 108241K, committed 108452K, reserved 1142784K
  class space    used 13535K, capacity 14524K, committed 14580K, reserved 1048576K
}
Event: 47.362 GC heap after
{Heap after GC invocations=56 (full 0):
 garbage-first heap   total 233472K, used 129718K [0x0000000080000000, 0x0000000100000000)
  region size 1024K, 2 young (2048K), 2 survivors (2048K)
 Metaspace       used 105692K, capacity 108241K, committed 108452K, reserved 1142784K
  class space    used 13535K, capacity 14524K, committed 14580K, reserved 1048576K
}
Event: 48.449 GC heap before
{Heap before GC invocations=56 (full 0):
 garbage-first heap   total 233472K, used 182966K [0x0000000080000000, 0x0000000100000000)
  region size 1024K, 52 young (53248K), 2 survivors (2048K)
 Metaspace       used 106770K, capacity 109331K, committed 109604K, reserved 1144832K
  class space    used 13625K, capacity 14633K, committed 14708K, reserved 1048576K
}

