# JRE version: OpenJDK Runtime Environment (11.0.10) (build 11.0.10+0-b96-7249189)
# Java VM: OpenJDK 64-Bit Server VM (11.0.10+0-b96-7249189, mixed mode, tiered, compressed oops, g1 gc, windows-amd64)
Heap:
 garbage-first heap   total 273408K, used 179300K [0x0000000080000000, 0x0000000100000000)
  region size 1024K, 22 young (22528K), 6 survivors (6144K)
 Metaspace       used 126047K, capacity 129223K, committed 129280K, reserved 1161216K
  class space    used 15864K, capacity 17100K, committed 17152K, reserved 1048576K
GC Heap History (20 events):
Event: 61.928 GC heap before
{Heap before GC invocations=48 (full 0):
 garbage-first heap   total 273408K, used 220904K [0x0000000080000000, 0x0000000100000000)
  region size 1024K, 77 young (78848K), 3 survivors (3072K)
 Metaspace       used 119171K, capacity 122162K, committed 122368K, reserved 1155072K
  class space    used 15150K, capacity 16270K, committed 16384K, reserved 1048576K
}
Event: 61.939 GC heap after
{Heap after GC invocations=49 (full 0):
 garbage-first heap   total 273408K, used 145788K [0x0000000080000000, 0x0000000100000000)
  region size 1024K, 4 young (4096K), 4 survivors (4096K)
 Metaspace       used 119171K, capacity 122162K, committed 122368K, reserved 1155072K
  class space    used 15150K, capacity 16270K, committed 16384K, reserved 1048576K
}
Event: 61.972 GC heap before
{Heap before GC invocations=49 (full 0):
 garbage-first heap   total 273408K, used 155004K [0x0000000080000000, 0x0000000100000000)
  region size 1024K, 13 young (13312K), 4 survivors (4096K)
 Metaspace       used 119174K, capacity 122163K, committed 122368K, reserved 1155072K
  class space    used 15150K, capacity 16270K, committed 16384K, reserved 1048576K
}
Event: 61.998 GC heap after
{Heap after GC invocations=50 (full 0):
 garbage-first heap   total 273408K, used 143381K [0x0000000080000000, 0x0000000100000000)
  region size 1024K, 1 young (1024K), 1 survivors (1024K)
 Metaspace       used 119174K, capacity 122163K, committed 122368K, reserved 1155072K
  class space    used 15150K, capacity 16270K, committed 16384K, reserved 1048576K
}
Event: 62.354 GC heap before
{Heap before GC invocations=50 (full 0):
 garbage-first heap   total 273408K, used 223253K [0x0000000080000000, 0x0000000100000000)
  region size 1024K, 79 young (80896K), 1 survivors (1024K)
 Metaspace       used 119218K, capacity 122169K, committed 122368K, reserved 1155072K
  class space    used 15155K, capacity 16271K, committed 16384K, reserved 1048576K
}
Event: 62.364 GC heap after
{Heap after GC invocations=51 (full 0):
 garbage-first heap   total 273408K, used 144457K [0x0000000080000000, 0x0000000100000000)
  region size 1024K, 2 young (2048K), 2 survivors (2048K)
 Metaspace       used 119218K, capacity 122169K, committed 122368K, reserved 1155072K
  class space    used 15155K, capacity 16271K, committed 16384K, reserved 1048576K
}
Event: 62.853 GC heap before
{Heap before GC invocations=51 (full 0):
 garbage-first heap   total 273408K, used 225353K [0x0000000080000000, 0x0000000100000000)
  region size 1024K, 81 young (82944K), 2 survivors (2048K)
 Metaspace       used 119237K, capacity 122181K, committed 122368K, reserved 1155072K
  class space    used 15158K, capacity 16275K, committed 16384K, reserved 1048576K
}
Event: 62.859 GC heap after
{Heap after GC invocations=52 (full 0):
 garbage-first heap   total 273408K, used 144719K [0x0000000080000000, 0x0000000100000000)
  region size 1024K, 3 young (3072K), 3 survivors (3072K)
 Metaspace       used 119237K, capacity 122181K, committed 122368K, reserved 1155072K
  class space    used 15158K, capacity 16275K, committed 16384K, reserved 1048576K
}
Event: 63.298 GC heap before
{Heap before GC invocations=52 (full 0):
 garbage-first heap   total 273408K, used 226639K [0x0000000080000000, 0x0000000100000000)
  region size 1024K, 83 young (84992K), 3 survivors (3072K)
 Metaspace       used 119261K, capacity 122245K, committed 122624K, reserved 1155072K
  class space    used 15158K, capacity 16275K, committed 16384K, reserved 1048576K
}
Event: 63.303 GC heap after
{Heap after GC invocations=53 (full 0):
 garbage-first heap   total 273408K, used 144861K [0x0000000080000000, 0x0000000100000000)
  region size 1024K, 3 young (3072K), 3 survivors (3072K)
 Metaspace       used 119261K, capacity 122245K, committed 122624K, reserved 1155072K
  class space    used 15158K, capacity 16275K, committed 16384K, reserved 1048576K
}
Event: 63.952 GC heap before
{Heap before GC invocations=53 (full 0):
 garbage-first heap   total 273408K, used 230877K [0x0000000080000000, 0x0000000100000000)
  region size 1024K, 88 young (90112K), 3 survivors (3072K)
 Metaspace       used 119639K, capacity 122654K, committed 122880K, reserved 1155072K
  class space    used 15203K, capacity 16356K, committed 16384K, reserved 1048576K
}
Event: 63.967 GC heap after
{Heap after GC invocations=54 (full 0):
 garbage-first heap   total 273408K, used 146819K [0x0000000080000000, 0x0000000100000000)
  region size 1024K, 5 young (5120K), 5 survivors (5120K)
 Metaspace       used 119639K, capacity 122654K, committed 122880K, reserved 1155072K
  class space    used 15203K, capacity 16356K, committed 16384K, reserved 1048576K
}
Event: 65.545 GC heap before
{Heap before GC invocations=55 (full 0):
 garbage-first heap   total 273408K, used 231811K [0x0000000080000000, 0x0000000100000000)
  region size 1024K, 89 young (91136K), 5 survivors (5120K)
 Metaspace       used 119866K, capacity 122824K, committed 122880K, reserved 1155072K
  class space    used 15201K, capacity 16351K, committed 16384K, reserved 1048576K
}
Event: 65.561 GC heap after
{Heap after GC invocations=56 (full 0):
 garbage-first heap   total 273408K, used 148455K [0x0000000080000000, 0x0000000100000000)
  region size 1024K, 6 young (6144K), 6 survivors (6144K)
 Metaspace       used 119866K, capacity 122824K, committed 122880K, reserved 1155072K
  class space    used 15201K, capacity 16351K, committed 16384K, reserved 1048576K
}
Event: 65.611 GC heap before
{Heap before GC invocations=56 (full 0):
 garbage-first heap   total 273408K, used 154599K [0x0000000080000000, 0x0000000100000000)
  region size 1024K, 13 young (13312K), 6 survivors (6144K)
 Metaspace       used 119872K, capacity 122888K, committed 123136K, reserved 1157120K
  class space    used 15201K, capacity 16351K, committed 16384K, reserved 1048576K
}
Event: 65.690 GC heap after
{Heap after GC invocations=57 (full 0):
 garbage-first heap   total 273408K, used 138206K [0x0000000080000000, 0x0000000100000000)
  region size 1024K, 1 young (1024K), 1 survivors (1024K)
 Metaspace       used 119872K, capacity 122888K, committed 123136K, reserved 1157120K
  class space    used 15201K, capacity 16351K, committed 16384K, reserved 1048576K
}
Event: 66.985 GC heap before
{Heap before GC invocations=57 (full 0):
 garbage-first heap   total 273408K, used 230366K [0x0000000080000000, 0x0000000100000000)
  region size 1024K, 92 young (94208K), 1 survivors (1024K)
 Metaspace       used 121174K, capacity 124255K, committed 124416K, reserved 1157120K
  class space    used 15372K, capacity 16562K, committed 16640K, reserved 1048576K
}
Event: 66.999 GC heap after
{Heap after GC invocations=58 (full 0):
 garbage-first heap   total 273408K, used 140562K [0x0000000080000000, 0x0000000100000000)
  region size 1024K, 4 young (4096K), 4 survivors (4096K)
 Metaspace       used 121174K, capacity 124255K, committed 124416K, reserved 1157120K
  class space    used 15372K, capacity 16562K, committed 16640K, reserved 1048576K
}
Event: 68.283 GC heap before
{Heap before GC invocations=58 (full 0):
 garbage-first heap   total 273408K, used 168210K [0x0000000080000000, 0x0000000100000000)
  region size 1024K, 32 young (32768K), 4 survivors (4096K)
 Metaspace       used 122975K, capacity 126117K, committed 126208K, reserved 1159168K
  class space    used 15600K, capacity 16813K, committed 16896K, reserved 1048576K
}
Event: 68.292 GC heap after
{Heap after GC invocations=59 (full 0):
 garbage-first heap   total 273408K, used 142436K [0x0000000080000000, 0x0000000100000000)
  region size 1024K, 6 young (6144K), 6 survivors (6144K)
 Metaspace       used 122975K, capacity 126117K, committed 126208K, reserved 1159168K
  class space    used 15600K, capacity 16813K, committed 16896K, reserved 1048576K
}

