# JRE version: OpenJDK Runtime Environment (11.0.10) (build 11.0.10+0-b96-7249189)
# Java VM: OpenJDK 64-Bit Server VM (11.0.10+0-b96-7249189, mixed mode, tiered, compressed oops, g1 gc, windows-amd64)
Heap:
 garbage-first heap   total 306176K, used 142086K [0x0000000080000000, 0x0000000100000000)
  region size 1024K, 2 young (2048K), 2 survivors (2048K)
 Metaspace       used 134212K, capacity 138038K, committed 138300K, reserved 1169408K
  class space    used 16409K, capacity 17840K, committed 17944K, reserved 1048576K
GC Heap History (20 events):
Event: 1481.401 GC heap after
{Heap after GC invocations=166 (full 0):
 garbage-first heap   total 227328K, used 158971K [0x0000000080000000, 0x0000000100000000)
  region size 1024K, 5 young (5120K), 5 survivors (5120K)
 Metaspace       used 132884K, capacity 136687K, committed 137020K, reserved 1169408K
  class space    used 16391K, capacity 17820K, committed 17944K, reserved 1048576K
}
Event: 1481.810 GC heap before
{Heap before GC invocations=167 (full 0):
 garbage-first heap   total 227328K, used 186619K [0x0000000080000000, 0x0000000100000000)
  region size 1024K, 33 young (33792K), 5 survivors (5120K)
 Metaspace       used 133215K, capacity 137101K, committed 137276K, reserved 1169408K
  class space    used 16397K, capacity 17826K, committed 17944K, reserved 1048576K
}
Event: 1481.823 GC heap after
{Heap after GC invocations=168 (full 0):
 garbage-first heap   total 227328K, used 159916K [0x0000000080000000, 0x0000000100000000)
  region size 1024K, 3 young (3072K), 3 survivors (3072K)
 Metaspace       used 133215K, capacity 137101K, committed 137276K, reserved 1169408K
  class space    used 16397K, capacity 17826K, committed 17944K, reserved 1048576K
}
Event: 1481.890 GC heap before
{Heap before GC invocations=168 (full 0):
 garbage-first heap   total 227328K, used 168108K [0x0000000080000000, 0x0000000100000000)
  region size 1024K, 11 young (11264K), 3 survivors (3072K)
 Metaspace       used 133227K, capacity 137101K, committed 137276K, reserved 1169408K
  class space    used 16398K, capacity 17826K, committed 17944K, reserved 1048576K
}
Event: 1481.923 GC heap after
{Heap after GC invocations=169 (full 0):
 garbage-first heap   total 227328K, used 150943K [0x0000000080000000, 0x0000000100000000)
  region size 1024K, 1 young (1024K), 1 survivors (1024K)
 Metaspace       used 133227K, capacity 137101K, committed 137276K, reserved 1169408K
  class space    used 16398K, capacity 17826K, committed 17944K, reserved 1048576K
}
Event: 1482.193 GC heap before
{Heap before GC invocations=169 (full 0):
 garbage-first heap   total 227328K, used 183711K [0x0000000080000000, 0x0000000100000000)
  region size 1024K, 34 young (34816K), 1 survivors (1024K)
 Metaspace       used 133267K, capacity 137110K, committed 137276K, reserved 1169408K
  class space    used 16400K, capacity 17829K, committed 17944K, reserved 1048576K
}
Event: 1482.203 GC heap after
{Heap after GC invocations=170 (full 0):
 garbage-first heap   total 227328K, used 153431K [0x0000000080000000, 0x0000000100000000)
  region size 1024K, 3 young (3072K), 3 survivors (3072K)
 Metaspace       used 133267K, capacity 137110K, committed 137276K, reserved 1169408K
  class space    used 16400K, capacity 17829K, committed 17944K, reserved 1048576K
}
Event: 1482.694 GC heap before
{Heap before GC invocations=170 (full 0):
 garbage-first heap   total 227328K, used 189271K [0x0000000080000000, 0x0000000100000000)
  region size 1024K, 37 young (37888K), 3 survivors (3072K)
 Metaspace       used 133651K, capacity 137526K, committed 137788K, reserved 1169408K
  class space    used 16403K, capacity 17831K, committed 17944K, reserved 1048576K
}
Event: 1482.703 GC heap after
{Heap after GC invocations=171 (full 0):
 garbage-first heap   total 227328K, used 154101K [0x0000000080000000, 0x0000000100000000)
  region size 1024K, 2 young (2048K), 2 survivors (2048K)
 Metaspace       used 133651K, capacity 137526K, committed 137788K, reserved 1169408K
  class space    used 16403K, capacity 17831K, committed 17944K, reserved 1048576K
}
Event: 1483.060 GC heap before
{Heap before GC invocations=172 (full 0):
 garbage-first heap   total 227328K, used 188917K [0x0000000080000000, 0x0000000100000000)
  region size 1024K, 36 young (36864K), 2 survivors (2048K)
 Metaspace       used 133863K, capacity 137670K, committed 137788K, reserved 1169408K
  class space    used 16404K, capacity 17831K, committed 17944K, reserved 1048576K
}
Event: 1483.064 GC heap after
{Heap after GC invocations=173 (full 0):
 garbage-first heap   total 227328K, used 152582K [0x0000000080000000, 0x0000000100000000)
  region size 1024K, 2 young (2048K), 2 survivors (2048K)
 Metaspace       used 133863K, capacity 137670K, committed 137788K, reserved 1169408K
  class space    used 16404K, capacity 17831K, committed 17944K, reserved 1048576K
}
Event: 1483.106 GC heap before
{Heap before GC invocations=173 (full 0):
 garbage-first heap   total 227328K, used 161798K [0x0000000080000000, 0x0000000100000000)
  region size 1024K, 11 young (11264K), 2 survivors (2048K)
 Metaspace       used 133945K, capacity 137800K, committed 138044K, reserved 1169408K
  class space    used 16404K, capacity 17831K, committed 17944K, reserved 1048576K
}
Event: 1483.119 GC heap after
{Heap after GC invocations=174 (full 0):
 garbage-first heap   total 227328K, used 150682K [0x0000000080000000, 0x0000000100000000)
  region size 1024K, 2 young (2048K), 2 survivors (2048K)
 Metaspace       used 133945K, capacity 137800K, committed 138044K, reserved 1169408K
  class space    used 16404K, capacity 17831K, committed 17944K, reserved 1048576K
}
Event: 1483.376 GC heap before
{Heap before GC invocations=174 (full 0):
 garbage-first heap   total 227328K, used 189594K [0x0000000080000000, 0x0000000100000000)
  region size 1024K, 40 young (40960K), 2 survivors (2048K)
 Metaspace       used 134089K, capacity 137939K, committed 138300K, reserved 1169408K
  class space    used 16404K, capacity 17831K, committed 17944K, reserved 1048576K
}
Event: 1483.381 GC heap after
{Heap after GC invocations=175 (full 0):
 garbage-first heap   total 227328K, used 150056K [0x0000000080000000, 0x0000000100000000)
  region size 1024K, 1 young (1024K), 1 survivors (1024K)
 Metaspace       used 134089K, capacity 137939K, committed 138300K, reserved 1169408K
  class space    used 16404K, capacity 17831K, committed 17944K, reserved 1048576K
}
Event: 1485.543 GC heap before
{Heap before GC invocations=176 (full 0):
 garbage-first heap   total 227328K, used 188968K [0x0000000080000000, 0x0000000100000000)
  region size 1024K, 41 young (41984K), 1 survivors (1024K)
 Metaspace       used 134173K, capacity 138024K, committed 138300K, reserved 1169408K
  class space    used 16407K, capacity 17836K, committed 17944K, reserved 1048576K
}
Event: 1485.559 GC heap after
{Heap after GC invocations=177 (full 0):
 garbage-first heap   total 227328K, used 149039K [0x0000000080000000, 0x0000000100000000)
  region size 1024K, 2 young (2048K), 2 survivors (2048K)
 Metaspace       used 134173K, capacity 138024K, committed 138300K, reserved 1169408K
  class space    used 16407K, capacity 17836K, committed 17944K, reserved 1048576K
}
Event: 1485.629 GC heap before
{Heap before GC invocations=177 (full 0):
 garbage-first heap   total 227328K, used 158255K [0x0000000080000000, 0x0000000100000000)
  region size 1024K, 11 young (11264K), 2 survivors (2048K)
 Metaspace       used 134177K, capacity 138024K, committed 138300K, reserved 1169408K
  class space    used 16407K, capacity 17836K, committed 17944K, reserved 1048576K
}
Event: 1485.674 GC heap after
{Heap after GC invocations=178 (full 0):
 garbage-first heap   total 227328K, used 141471K [0x0000000080000000, 0x0000000100000000)
  region size 1024K, 1 young (1024K), 1 survivors (1024K)
 Metaspace       used 134177K, capacity 138024K, committed 138300K, reserved 1169408K
  class space    used 16407K, capacity 17836K, committed 17944K, reserved 1048576K
}
Event: 1485.909 GC heap before
{Heap before GC invocations=178 (full 0):
 garbage-first heap   total 227328K, used 187551K [0x0000000080000000, 0x0000000100000000)
  region size 1024K, 46 young (47104K), 1 survivors (1024K)
 Metaspace       used 134212K, capacity 138038K, committed 138300K, reserved 1169408K
  class space    used 16409K, capacity 17840K, committed 17944K, reserved 1048576K
}

